<?xml version="1.0" encoding="UTF-8"?>
<testsuite xmlns:xsi="http://www.w3.org/2001/XMLSchema-instance" xsi:noNamespaceSchemaLocation="https://maven.apache.org/surefire/maven-surefire-plugin/xsd/surefire-test-report.xsd" name="com.bdd.cucumber_Options.TestRunner" time="0.4" tests="6" errors="2" skipped="4" failures="0">
  <properties>
    <property name="java.specification.version" value="17"/>
    <property name="sun.jnu.encoding" value="UTF-8"/>
    <property name="java.class.path" value="/Users/meenakshipal/git_hub/java/api_framework/target/test-classes:/Users/meenakshipal/git_hub/java/api_framework/target/classes:/Users/meenakshipal/.m2/repository/junit/junit/4.13.2/junit-4.13.2.jar:/Users/meenakshipal/.m2/repository/org/hamcrest/hamcrest-core/1.3/hamcrest-core-1.3.jar:/Users/meenakshipal/.m2/repository/io/cucumber/cucumber-junit/7.15.0/cucumber-junit-7.15.0.jar:/Users/meenakshipal/.m2/repository/org/apiguardian/apiguardian-api/1.1.2/apiguardian-api-1.1.2.jar:/Users/meenakshipal/.m2/repository/io/cucumber/cucumber-core/7.15.0/cucumber-core-7.15.0.jar:/Users/meenakshipal/.m2/repository/io/cucumber/cucumber-gherkin/7.15.0/cucumber-gherkin-7.15.0.jar:/Users/meenakshipal/.m2/repository/io/cucumber/cucumber-gherkin-messages/7.15.0/cucumber-gherkin-messages-7.15.0.jar:/Users/meenakshipal/.m2/repository/io/cucumber/gherkin/26.2.0/gherkin-26.2.0.jar:/Users/meenakshipal/.m2/repository/io/cucumber/messages/22.0.0/messages-22.0.0.jar:/Users/meenakshipal/.m2/repository/io/cucumber/tag-expressions/6.0.0/tag-expressions-6.0.0.jar:/Users/meenakshipal/.m2/repository/io/cucumber/cucumber-expressions/17.0.1/cucumber-expressions-17.0.1.jar:/Users/meenakshipal/.m2/repository/io/cucumber/datatable/7.15.0/datatable-7.15.0.jar:/Users/meenakshipal/.m2/repository/io/cucumber/cucumber-plugin/7.15.0/cucumber-plugin-7.15.0.jar:/Users/meenakshipal/.m2/repository/io/cucumber/docstring/7.15.0/docstring-7.15.0.jar:/Users/meenakshipal/.m2/repository/io/cucumber/html-formatter/20.4.0/html-formatter-20.4.0.jar:/Users/meenakshipal/.m2/repository/io/cucumber/junit-xml-formatter/0.2.0/junit-xml-formatter-0.2.0.jar:/Users/meenakshipal/.m2/repository/io/cucumber/ci-environment/10.0.0/ci-environment-10.0.0.jar:/Users/meenakshipal/.m2/repository/io/rest-assured/rest-assured/5.4.0/rest-assured-5.4.0.jar:/Users/meenakshipal/.m2/repository/org/apache/groovy/groovy/4.0.16/groovy-4.0.16.jar:/Users/meenakshipal/.m2/repository/org/apache/groovy/groovy-xml/4.0.16/groovy-xml-4.0.16.jar:/Users/meenakshipal/.m2/repository/org/apache/httpcomponents/httpclient/4.5.13/httpclient-4.5.13.jar:/Users/meenakshipal/.m2/repository/org/apache/httpcomponents/httpcore/4.4.13/httpcore-4.4.13.jar:/Users/meenakshipal/.m2/repository/commons-logging/commons-logging/1.2/commons-logging-1.2.jar:/Users/meenakshipal/.m2/repository/commons-codec/commons-codec/1.11/commons-codec-1.11.jar:/Users/meenakshipal/.m2/repository/org/apache/httpcomponents/httpmime/4.5.13/httpmime-4.5.13.jar:/Users/meenakshipal/.m2/repository/org/hamcrest/hamcrest/2.2/hamcrest-2.2.jar:/Users/meenakshipal/.m2/repository/org/ccil/cowan/tagsoup/tagsoup/1.2.1/tagsoup-1.2.1.jar:/Users/meenakshipal/.m2/repository/io/rest-assured/json-path/5.4.0/json-path-5.4.0.jar:/Users/meenakshipal/.m2/repository/org/apache/groovy/groovy-json/4.0.16/groovy-json-4.0.16.jar:/Users/meenakshipal/.m2/repository/io/rest-assured/rest-assured-common/5.4.0/rest-assured-common-5.4.0.jar:/Users/meenakshipal/.m2/repository/io/rest-assured/xml-path/5.4.0/xml-path-5.4.0.jar:/Users/meenakshipal/.m2/repository/org/apache/commons/commons-lang3/3.11/commons-lang3-3.11.jar:/Users/meenakshipal/.m2/repository/com/fasterxml/jackson/core/jackson-databind/2.10.0.pr1/jackson-databind-2.10.0.pr1.jar:/Users/meenakshipal/.m2/repository/com/fasterxml/jackson/core/jackson-annotations/2.10.0.pr1/jackson-annotations-2.10.0.pr1.jar:/Users/meenakshipal/.m2/repository/com/fasterxml/jackson/core/jackson-core/2.10.0.pr1/jackson-core-2.10.0.pr1.jar:/Users/meenakshipal/.m2/repository/io/cucumber/cucumber-java/7.15.0/cucumber-java-7.15.0.jar:"/>
    <property name="java.vm.vendor" value="Homebrew"/>
    <property name="sun.arch.data.model" value="64"/>
    <property name="java.vendor.url" value="https://github.com/Homebrew/homebrew-core/issues"/>
    <property name="os.name" value="Mac OS X"/>
    <property name="java.vm.specification.version" value="17"/>
    <property name="sun.java.launcher" value="SUN_STANDARD"/>
    <property name="user.country" value="AU"/>
    <property name="sun.boot.library.path" value="/opt/homebrew/Cellar/openjdk@17/17.0.9/libexec/openjdk.jdk/Contents/Home/lib"/>
    <property name="sun.java.command" value="/Users/meenakshipal/git_hub/java/api_framework/target/surefire/surefirebooter14038676362143970164.jar /Users/meenakshipal/git_hub/java/api_framework/target/surefire 2024-01-02T08-52-05_530-jvmRun1 surefire3729668331565991669tmp surefire_010481539327608865049tmp"/>
    <property name="http.nonProxyHosts" value="local|*.local|169.254/16|*.169.254/16"/>
    <property name="jdk.debug" value="release"/>
    <property name="surefire.test.class.path" value="/Users/meenakshipal/git_hub/java/api_framework/target/test-classes:/Users/meenakshipal/git_hub/java/api_framework/target/classes:/Users/meenakshipal/.m2/repository/junit/junit/4.13.2/junit-4.13.2.jar:/Users/meenakshipal/.m2/repository/org/hamcrest/hamcrest-core/1.3/hamcrest-core-1.3.jar:/Users/meenakshipal/.m2/repository/io/cucumber/cucumber-junit/7.15.0/cucumber-junit-7.15.0.jar:/Users/meenakshipal/.m2/repository/org/apiguardian/apiguardian-api/1.1.2/apiguardian-api-1.1.2.jar:/Users/meenakshipal/.m2/repository/io/cucumber/cucumber-core/7.15.0/cucumber-core-7.15.0.jar:/Users/meenakshipal/.m2/repository/io/cucumber/cucumber-gherkin/7.15.0/cucumber-gherkin-7.15.0.jar:/Users/meenakshipal/.m2/repository/io/cucumber/cucumber-gherkin-messages/7.15.0/cucumber-gherkin-messages-7.15.0.jar:/Users/meenakshipal/.m2/repository/io/cucumber/gherkin/26.2.0/gherkin-26.2.0.jar:/Users/meenakshipal/.m2/repository/io/cucumber/messages/22.0.0/messages-22.0.0.jar:/Users/meenakshipal/.m2/repository/io/cucumber/tag-expressions/6.0.0/tag-expressions-6.0.0.jar:/Users/meenakshipal/.m2/repository/io/cucumber/cucumber-expressions/17.0.1/cucumber-expressions-17.0.1.jar:/Users/meenakshipal/.m2/repository/io/cucumber/datatable/7.15.0/datatable-7.15.0.jar:/Users/meenakshipal/.m2/repository/io/cucumber/cucumber-plugin/7.15.0/cucumber-plugin-7.15.0.jar:/Users/meenakshipal/.m2/repository/io/cucumber/docstring/7.15.0/docstring-7.15.0.jar:/Users/meenakshipal/.m2/repository/io/cucumber/html-formatter/20.4.0/html-formatter-20.4.0.jar:/Users/meenakshipal/.m2/repository/io/cucumber/junit-xml-formatter/0.2.0/junit-xml-formatter-0.2.0.jar:/Users/meenakshipal/.m2/repository/io/cucumber/ci-environment/10.0.0/ci-environment-10.0.0.jar:/Users/meenakshipal/.m2/repository/io/rest-assured/rest-assured/5.4.0/rest-assured-5.4.0.jar:/Users/meenakshipal/.m2/repository/org/apache/groovy/groovy/4.0.16/groovy-4.0.16.jar:/Users/meenakshipal/.m2/repository/org/apache/groovy/groovy-xml/4.0.16/groovy-xml-4.0.16.jar:/Users/meenakshipal/.m2/repository/org/apache/httpcomponents/httpclient/4.5.13/httpclient-4.5.13.jar:/Users/meenakshipal/.m2/repository/org/apache/httpcomponents/httpcore/4.4.13/httpcore-4.4.13.jar:/Users/meenakshipal/.m2/repository/commons-logging/commons-logging/1.2/commons-logging-1.2.jar:/Users/meenakshipal/.m2/repository/commons-codec/commons-codec/1.11/commons-codec-1.11.jar:/Users/meenakshipal/.m2/repository/org/apache/httpcomponents/httpmime/4.5.13/httpmime-4.5.13.jar:/Users/meenakshipal/.m2/repository/org/hamcrest/hamcrest/2.2/hamcrest-2.2.jar:/Users/meenakshipal/.m2/repository/org/ccil/cowan/tagsoup/tagsoup/1.2.1/tagsoup-1.2.1.jar:/Users/meenakshipal/.m2/repository/io/rest-assured/json-path/5.4.0/json-path-5.4.0.jar:/Users/meenakshipal/.m2/repository/org/apache/groovy/groovy-json/4.0.16/groovy-json-4.0.16.jar:/Users/meenakshipal/.m2/repository/io/rest-assured/rest-assured-common/5.4.0/rest-assured-common-5.4.0.jar:/Users/meenakshipal/.m2/repository/io/rest-assured/xml-path/5.4.0/xml-path-5.4.0.jar:/Users/meenakshipal/.m2/repository/org/apache/commons/commons-lang3/3.11/commons-lang3-3.11.jar:/Users/meenakshipal/.m2/repository/com/fasterxml/jackson/core/jackson-databind/2.10.0.pr1/jackson-databind-2.10.0.pr1.jar:/Users/meenakshipal/.m2/repository/com/fasterxml/jackson/core/jackson-annotations/2.10.0.pr1/jackson-annotations-2.10.0.pr1.jar:/Users/meenakshipal/.m2/repository/com/fasterxml/jackson/core/jackson-core/2.10.0.pr1/jackson-core-2.10.0.pr1.jar:/Users/meenakshipal/.m2/repository/io/cucumber/cucumber-java/7.15.0/cucumber-java-7.15.0.jar:"/>
    <property name="sun.cpu.endian" value="little"/>
    <property name="user.home" value="/Users/meenakshipal"/>
    <property name="user.language" value="en"/>
    <property name="java.specification.vendor" value="Oracle Corporation"/>
    <property name="java.version.date" value="2023-10-17"/>
    <property name="java.home" value="/opt/homebrew/Cellar/openjdk@17/17.0.9/libexec/openjdk.jdk/Contents/Home"/>
    <property name="file.separator" value="/"/>
    <property name="basedir" value="/Users/meenakshipal/git_hub/java/api_framework"/>
    <property name="java.vm.compressedOopsMode" value="Zero based"/>
    <property name="line.separator" value="&#10;"/>
    <property name="java.specification.name" value="Java Platform API Specification"/>
    <property name="java.vm.specification.vendor" value="Oracle Corporation"/>
    <property name="surefire.real.class.path" value="/Users/meenakshipal/git_hub/java/api_framework/target/surefire/surefirebooter14038676362143970164.jar"/>
    <property name="sun.management.compiler" value="HotSpot 64-Bit Tiered Compilers"/>
    <property name="ftp.nonProxyHosts" value="local|*.local|169.254/16|*.169.254/16"/>
    <property name="java.runtime.version" value="17.0.9+0"/>
    <property name="user.name" value="meenakshipal"/>
    <property name="path.separator" value=":"/>
    <property name="os.version" value="13.5"/>
    <property name="java.runtime.name" value="OpenJDK Runtime Environment"/>
    <property name="file.encoding" value="UTF-8"/>
    <property name="java.vm.name" value="OpenJDK 64-Bit Server VM"/>
    <property name="java.vendor.version" value="Homebrew"/>
    <property name="localRepository" value="/Users/meenakshipal/.m2/repository"/>
    <property name="java.vendor.url.bug" value="https://github.com/Homebrew/homebrew-core/issues"/>
    <property name="java.io.tmpdir" value="/var/folders/gj/rwsxzsp16pzftfrkmlbl1jqr0000gn/T/"/>
    <property name="java.version" value="17.0.9"/>
    <property name="user.dir" value="/Users/meenakshipal/git_hub/java/api_framework"/>
    <property name="os.arch" value="aarch64"/>
    <property name="java.vm.specification.name" value="Java Virtual Machine Specification"/>
    <property name="native.encoding" value="UTF-8"/>
    <property name="java.library.path" value="/Users/meenakshipal/Library/Java/Extensions:/Library/Java/Extensions:/Network/Library/Java/Extensions:/System/Library/Java/Extensions:/usr/lib/java:."/>
    <property name="java.vm.info" value="mixed mode, sharing"/>
    <property name="java.vendor" value="Homebrew"/>
    <property name="java.vm.version" value="17.0.9+0"/>
    <property name="sun.io.unicode.encoding" value="UnicodeBig"/>
    <property name="socksNonProxyHosts" value="local|*.local|169.254/16|*.169.254/16"/>
    <property name="java.class.version" value="61.0"/>
  </properties>
  <testcase name="Add Place Payload" classname="Verify if Place is being Succesfully added using AddPlaceAPI" time="0.284">
    <error message="No serializer found for class com.pojo.Location and no properties discovered to create BeanSerializer (to avoid exception, disable SerializationFeature.FAIL_ON_EMPTY_BEANS) (through reference chain: com.pojo.AddPlace[&quot;location&quot;])" type="com.fasterxml.jackson.databind.exc.InvalidDefinitionException">com.fasterxml.jackson.databind.exc.InvalidDefinitionException: No serializer found for class com.pojo.Location and no properties discovered to create BeanSerializer (to avoid exception, disable SerializationFeature.FAIL_ON_EMPTY_BEANS) (through reference chain: com.pojo.AddPlace["location"])
</error>
    <system-out><![CDATA[0.0
0.0
]]></system-out>
  </testcase>
  <testcase name="user calls &quot;AddPlaceAPI&quot; with Post http request" classname="Verify if Place is being Succesfully added using AddPlaceAPI" time="0">
    <skipped message="This step is skipped"/>
  </testcase>
  <testcase name="the API call got success with status code 200" classname="Verify if Place is being Succesfully added using AddPlaceAPI" time="0">
    <skipped message="This step is skipped"/>
  </testcase>
  <testcase name="&quot;status&quot; in response body is &quot;OK&quot;" classname="Verify if Place is being Succesfully added using AddPlaceAPI" time="0">
    <skipped message="This step is skipped"/>
  </testcase>
  <testcase name="&quot;Scope&quot; in response body is &quot;APP&quot;" classname="Verify if Place is being Succesfully added using AddPlaceAPI" time="0">
    <skipped message="This step is skipped"/>
  </testcase>
  <testcase name="Verify if Place is being Succesfully added using AddPlaceAPI" classname="Verify if Place is being Succesfully added using AddPlaceAPI" time="0">
    <error message="No serializer found for class com.pojo.Location and no properties discovered to create BeanSerializer (to avoid exception, disable SerializationFeature.FAIL_ON_EMPTY_BEANS) (through reference chain: com.pojo.AddPlace[&quot;location&quot;])" type="com.fasterxml.jackson.databind.exc.InvalidDefinitionException">com.fasterxml.jackson.databind.exc.InvalidDefinitionException: No serializer found for class com.pojo.Location and no properties discovered to create BeanSerializer (to avoid exception, disable SerializationFeature.FAIL_ON_EMPTY_BEANS) (through reference chain: com.pojo.AddPlace["location"])
</error>
  </testcase>
</testsuite>